<?xml version="1.0" encoding="utf-8"?><testsuites name="pytest tests"><testsuite name="pytest" errors="0" failures="1" skipped="0" tests="10" time="9.000" timestamp="2026-06-24T21:21:28.846064+00:00" hostname="agent-env-e9322c6b-18c9-43d7-8389-6a1d34b711d5"><testcase classname="backend.tests.test_new_features" name="test_jaspar_metadata" time="0.277" /><testcase classname="backend.tests.test_new_features" name="test_jaspar_mouse_core_5" time="4.120" /><testcase classname="backend.tests.test_new_features" name="test_jaspar_invalid_collection" time="0.053" /><testcase classname="backend.tests.test_new_features" name="test_extract_epd_tp53" time="0.061" /><testcase classname="backend.tests.test_new_features" name="test_extract_mouse_tp53" time="0.683" /><testcase classname="backend.tests.test_new_features" name="test_compare_four_genes" time="2.456"><failure message="AssertionError: 500: Internal Server Error&#10;assert 500 == 200&#10; +  where 500 = &lt;Response [500]&gt;.status_code">backend/tests/test_new_features.py:131: in test_compare_four_genes
    assert r.status_code == 200, f"{r.status_code}: {r.text[:400]}"
E   AssertionError: 500: Internal Server Error
E   assert 500 == 200
E    +  where 500 = &lt;Response [500]&gt;.status_code</failure></testcase><testcase classname="backend.tests.test_new_features" name="test_compare_one_gene_400" time="0.061" /><testcase classname="backend.tests.test_new_features" name="test_compare_seven_genes_400" time="0.049" /><testcase classname="backend.tests.test_new_features" name="test_get_extraction_share_link" time="1.077" /><testcase classname="backend.tests.test_new_features" name="test_get_extraction_404" time="0.055" /></testsuite></testsuites>