<?xml version="1.0" encoding="utf-8"?><testsuites name="pytest tests"><testsuite name="pytest" errors="0" failures="0" skipped="0" tests="15" time="1.671" timestamp="2026-06-24T21:02:24.669713+00:00" hostname="agent-env-e9322c6b-18c9-43d7-8389-6a1d34b711d5"><testcase classname="backend.tests.test_motifforge_api" name="test_health_ok" time="0.182" /><testcase classname="backend.tests.test_motifforge_api" name="test_root_metadata" time="0.052" /><testcase classname="backend.tests.test_motifforge_api" name="test_jaspar_matrices_returns_5" time="0.058" /><testcase classname="backend.tests.test_motifforge_api" name="test_extract_tp53_pipeline" time="0.079" /><testcase classname="backend.tests.test_motifforge_api" name="test_extract_invalid_gene_returns_503" time="0.644" /><testcase classname="backend.tests.test_motifforge_api" name="test_extract_missing_input_returns_400" time="0.057" /><testcase classname="backend.tests.test_motifforge_api" name="test_graph_build" time="0.055" /><testcase classname="backend.tests.test_motifforge_api" name="test_characterize" time="0.055" /><testcase classname="backend.tests.test_motifforge_api" name="test_mining" time="0.048" /><testcase classname="backend.tests.test_motifforge_api" name="test_engineering" time="0.053" /><testcase classname="backend.tests.test_motifforge_api" name="test_export_fasta" time="0.052" /><testcase classname="backend.tests.test_motifforge_api" name="test_export_csv" time="0.051" /><testcase classname="backend.tests.test_motifforge_api" name="test_export_json" time="0.059" /><testcase classname="backend.tests.test_motifforge_api" name="test_export_graphml" time="0.065" /><testcase classname="backend.tests.test_motifforge_api" name="test_export_pdf" time="0.077" /></testsuite></testsuites>